0 info it worked if it ends with ok
1 verbose cli [ 'node', '/usr/local/bin/npm', 'install', '-g', 'fibers' ]
2 info using npm@2.0.0-beta.3
3 info using node@v0.10.26
4 verbose node symlink /usr/local/bin/node
5 verbose cache add [ 'fibers', null ]
6 verbose cache add spec="fibers" args=["fibers",null]
7 verbose parsed spec { raw: 'fibers',
7 verbose parsed spec   scope: null,
7 verbose parsed spec   name: 'fibers',
7 verbose parsed spec   rawSpec: '',
7 verbose parsed spec   spec: '*',
7 verbose parsed spec   type: 'range' }
8 verbose parsed spec { raw: 'fibers',
8 verbose parsed spec   scope: null,
8 verbose parsed spec   name: 'fibers',
8 verbose parsed spec   rawSpec: '',
8 verbose parsed spec   spec: '*',
8 verbose parsed spec   type: 'range' }
9 verbose addNamed [ 'fibers', '*' ]
10 verbose addNamed [ null, '*' ]
11 silly lockFile ca7e748b-fibers fibers@*
12 verbose lock fibers@* /Users/belenduchene/.npm/ca7e748b-fibers.lock
13 silly addNameRange { name: 'fibers', range: '*', hasData: false }
14 verbose mapToRegistry name fibers
15 verbose mapToRegistry uri https://registry.npmjs.org/fibers
16 verbose request on initialization, where is /fibers
17 verbose request after pass 1, where is /fibers
18 verbose request url raw /fibers
19 verbose request resolving registry [ 'https://registry.npmjs.org/', './fibers' ]
20 verbose request after pass 2, where is https://registry.npmjs.org/fibers
21 verbose request no auth needed
22 info retrier registry request attempt 1 at 22:21:45
23 verbose request id bf1c06502f0efefe
24 verbose etag "6QI98MHF4F3Z8ZDLWQKHQ93NF"
25 http request GET https://registry.npmjs.org/fibers
26 http 304 https://registry.npmjs.org/fibers
27 silly registry.get cb [ 304,
27 silly registry.get   { date: 'Tue, 11 Nov 2014 21:21:45 GMT',
27 silly registry.get     server: 'Apache',
27 silly registry.get     via: '1.1 varnish',
27 silly registry.get     'last-modified': 'Tue, 11 Nov 2014 21:21:46 GMT',
27 silly registry.get     'cache-control': 'max-age=60',
27 silly registry.get     etag: '"6QI98MHF4F3Z8ZDLWQKHQ93NF"',
27 silly registry.get     age: '0',
27 silly registry.get     'x-served-by': 'cache-fra1226-FRA',
27 silly registry.get     'x-cache': 'HIT',
27 silly registry.get     'x-cache-hits': '1',
27 silly registry.get     'x-timer': 'S1415740905.499081,VS0,VE774',
27 silly registry.get     vary: 'Accept',
27 silly registry.get     'content-length': '0',
27 silly registry.get     'keep-alive': 'timeout=10, max=50',
27 silly registry.get     connection: 'Keep-Alive' } ]
28 verbose etag https://registry.npmjs.org/fibers from cache
29 silly addNameRange number 2 { name: 'fibers', range: '*', hasData: true }
30 silly addNameRange versions [ 'fibers',
30 silly addNameRange   [ '0.1.0',
30 silly addNameRange     '0.1.1',
30 silly addNameRange     '0.1.2',
30 silly addNameRange     '0.1.3',
30 silly addNameRange     '0.1.4',
30 silly addNameRange     '0.1.6',
30 silly addNameRange     '0.1.7',
30 silly addNameRange     '0.1.8',
30 silly addNameRange     '0.2.0',
30 silly addNameRange     '0.2.1',
30 silly addNameRange     '0.2.2',
30 silly addNameRange     '0.2.3',
30 silly addNameRange     '0.2.4',
30 silly addNameRange     '0.2.5',
30 silly addNameRange     '0.2.6',
30 silly addNameRange     '0.5.0',
30 silly addNameRange     '0.6.0',
30 silly addNameRange     '0.5.1',
30 silly addNameRange     '0.6.1',
30 silly addNameRange     '0.6.2',
30 silly addNameRange     '0.6.3',
30 silly addNameRange     '0.6.4',
30 silly addNameRange     '0.6.5',
30 silly addNameRange     '0.6.6',
30 silly addNameRange     '0.6.7',
30 silly addNameRange     '0.6.8',
30 silly addNameRange     '0.6.9',
30 silly addNameRange     '1.0.0',
30 silly addNameRange     '1.0.1',
30 silly addNameRange     '1.0.2' ] ]
31 verbose addNamed [ 'fibers', '1.0.2' ]
32 verbose addNamed [ '1.0.2', '1.0.2' ]
33 silly lockFile e2221b1d-fibers-1-0-2 fibers@1.0.2
34 verbose lock fibers@1.0.2 /Users/belenduchene/.npm/e2221b1d-fibers-1-0-2.lock
35 silly lockFile e2221b1d-fibers-1-0-2 fibers@1.0.2
36 silly lockFile e2221b1d-fibers-1-0-2 fibers@1.0.2
37 silly lockFile ca7e748b-fibers fibers@*
38 silly lockFile ca7e748b-fibers fibers@*
39 silly resolved [ { name: 'fibers',
39 silly resolved     version: '1.0.2',
39 silly resolved     description: 'Cooperative multi-tasking for Javascript',
39 silly resolved     keywords:
39 silly resolved      [ 'fiber',
39 silly resolved        'fibers',
39 silly resolved        'coroutine',
39 silly resolved        'thread',
39 silly resolved        'async',
39 silly resolved        'parallel',
39 silly resolved        'worker',
39 silly resolved        'future',
39 silly resolved        'promise' ],
39 silly resolved     homepage: 'https://github.com/laverdet/node-fibers',
39 silly resolved     author:
39 silly resolved      { name: 'Marcel Laverdet',
39 silly resolved        email: 'marcel@laverdet.com',
39 silly resolved        url: 'https://github.com/laverdet/' },
39 silly resolved     main: 'fibers',
39 silly resolved     scripts: { install: 'node ./build.js', test: 'node ./test.js' },
39 silly resolved     repository:
39 silly resolved      { type: 'git',
39 silly resolved        url: 'git://github.com/laverdet/node-fibers.git' },
39 silly resolved     engines: { node: '>=0.5.2' },
39 silly resolved     bugs: { url: 'https://github.com/laverdet/node-fibers/issues' },
39 silly resolved     _id: 'fibers@1.0.2',
39 silly resolved     dist:
39 silly resolved      { shasum: '5e24eb5bd929c2be607047dbf88fa758514d3927',
39 silly resolved        tarball: 'http://registry.npmjs.org/fibers/-/fibers-1.0.2.tgz' },
39 silly resolved     _from: 'fibers@*',
39 silly resolved     _npmVersion: '1.4.3',
39 silly resolved     _npmUser: { name: 'laverdet', email: 'marcel.npm@laverdet.com' },
39 silly resolved     maintainers: [ [Object] ],
39 silly resolved     directories: {},
39 silly resolved     _shasum: '5e24eb5bd929c2be607047dbf88fa758514d3927',
39 silly resolved     _resolved: 'https://registry.npmjs.org/fibers/-/fibers-1.0.2.tgz',
39 silly resolved     readme: 'ERROR: No README data found!' } ]
40 info install fibers@1.0.2 into /usr/local/lib
41 info installOne fibers@1.0.2
42 verbose lib/node_modules/fibers unbuild
43 verbose gentlyRm vacuuming /usr/local/lib/node_modules/fibers
44 verbose tar unpack /Users/belenduchene/.npm/fibers/1.0.2/package.tgz
45 silly lockFile c60c00aa-sr-local-lib-node-modules-fibers tar:///usr/local/lib/node_modules/fibers
46 verbose lock tar:///usr/local/lib/node_modules/fibers /Users/belenduchene/.npm/c60c00aa-sr-local-lib-node-modules-fibers.lock
47 silly lockFile 4abb7d38-ene-npm-fibers-1-0-2-package-tgz tar:///Users/belenduchene/.npm/fibers/1.0.2/package.tgz
48 verbose lock tar:///Users/belenduchene/.npm/fibers/1.0.2/package.tgz /Users/belenduchene/.npm/4abb7d38-ene-npm-fibers-1-0-2-package-tgz.lock
49 verbose gentlyRm vacuuming /usr/local/lib/node_modules/fibers
50 silly gunzTarPerm modes [ '755', '644' ]
51 error Error: EACCES, mkdir '/usr/local/lib/node_modules/fibers'
51 error  { [Error: EACCES, mkdir '/usr/local/lib/node_modules/fibers']
51 error   errno: 3,
51 error   code: 'EACCES',
51 error   path: '/usr/local/lib/node_modules/fibers',
51 error   fstream_type: 'Directory',
51 error   fstream_path: '/usr/local/lib/node_modules/fibers',
51 error   fstream_class: 'DirWriter',
51 error   fstream_stack:
51 error    [ '/usr/local/lib/node_modules/npm/node_modules/fstream/lib/dir-writer.js:36:23',
51 error      '/usr/local/lib/node_modules/npm/node_modules/mkdirp/index.js:46:53',
51 error      'Object.oncomplete (fs.js:107:15)' ] }
52 error Please try running this command again as root/Administrator.
53 error System Darwin 14.0.0
54 error command "node" "/usr/local/bin/npm" "install" "-g" "fibers"
55 error cwd /Users/belenduchene/Dropbox/sites/famono
56 error node -v v0.10.26
57 error npm -v 2.0.0-beta.3
58 error path /usr/local/lib/node_modules/fibers
59 error fstream_path /usr/local/lib/node_modules/fibers
60 error fstream_type Directory
61 error fstream_class DirWriter
62 error code EACCES
63 error errno 3
64 error stack Error: EACCES, mkdir '/usr/local/lib/node_modules/fibers'
65 error fstream_stack /usr/local/lib/node_modules/npm/node_modules/fstream/lib/dir-writer.js:36:23
65 error fstream_stack /usr/local/lib/node_modules/npm/node_modules/mkdirp/index.js:46:53
65 error fstream_stack Object.oncomplete (fs.js:107:15)
66 verbose exit [ 3, true ]
